<?xml version="1.0" encoding="UTF-8"?>
<testsuite xmlns:xsi="http://www.w3.org/2001/XMLSchema-instance" xsi:noNamespaceSchemaLocation="https://maven.apache.org/surefire/maven-surefire-plugin/xsd/surefire-test-report.xsd" name="com.hobin.crm.ApplicationTests" time="8.197" tests="1" errors="0" skipped="0" failures="0">
  <properties>
    <property name="gopherProxySet" value="false"/>
    <property name="awt.toolkit" value="sun.lwawt.macosx.LWCToolkit"/>
    <property name="java.specification.version" value="10"/>
    <property name="file.encoding.pkg" value="sun.io"/>
    <property name="sun.cpu.isalist" value=""/>
    <property name="sun.jnu.encoding" value="UTF-8"/>
    <property name="java.class.path" value="/Users/seraph/code/eclipse-workspace/tuna/target/test-classes:/Users/seraph/code/eclipse-workspace/tuna/target/classes:/Users/seraph/.m2/repository/org/springframework/boot/spring-boot-starter-web/2.1.4.RELEASE/spring-boot-starter-web-2.1.4.RELEASE.jar:/Users/seraph/.m2/repository/org/springframework/boot/spring-boot-starter/2.1.4.RELEASE/spring-boot-starter-2.1.4.RELEASE.jar:/Users/seraph/.m2/repository/org/springframework/boot/spring-boot-starter-logging/2.1.4.RELEASE/spring-boot-starter-logging-2.1.4.RELEASE.jar:/Users/seraph/.m2/repository/ch/qos/logback/logback-classic/1.2.3/logback-classic-1.2.3.jar:/Users/seraph/.m2/repository/ch/qos/logback/logback-core/1.2.3/logback-core-1.2.3.jar:/Users/seraph/.m2/repository/org/apache/logging/log4j/log4j-to-slf4j/2.11.2/log4j-to-slf4j-2.11.2.jar:/Users/seraph/.m2/repository/org/apache/logging/log4j/log4j-api/2.11.2/log4j-api-2.11.2.jar:/Users/seraph/.m2/repository/org/slf4j/jul-to-slf4j/1.7.26/jul-to-slf4j-1.7.26.jar:/Users/seraph/.m2/repository/javax/annotation/javax.annotation-api/1.3.2/javax.annotation-api-1.3.2.jar:/Users/seraph/.m2/repository/org/yaml/snakeyaml/1.23/snakeyaml-1.23.jar:/Users/seraph/.m2/repository/org/springframework/boot/spring-boot-starter-json/2.1.4.RELEASE/spring-boot-starter-json-2.1.4.RELEASE.jar:/Users/seraph/.m2/repository/com/fasterxml/jackson/datatype/jackson-datatype-jsr310/2.9.8/jackson-datatype-jsr310-2.9.8.jar:/Users/seraph/.m2/repository/com/fasterxml/jackson/module/jackson-module-parameter-names/2.9.8/jackson-module-parameter-names-2.9.8.jar:/Users/seraph/.m2/repository/org/springframework/boot/spring-boot-starter-tomcat/2.1.4.RELEASE/spring-boot-starter-tomcat-2.1.4.RELEASE.jar:/Users/seraph/.m2/repository/org/apache/tomcat/embed/tomcat-embed-core/9.0.17/tomcat-embed-core-9.0.17.jar:/Users/seraph/.m2/repository/org/apache/tomcat/embed/tomcat-embed-el/9.0.17/tomcat-embed-el-9.0.17.jar:/Users/seraph/.m2/repository/org/apache/tomcat/embed/tomcat-embed-websocket/9.0.17/tomcat-embed-websocket-9.0.17.jar:/Users/seraph/.m2/repository/org/hibernate/validator/hibernate-validator/6.0.16.Final/hibernate-validator-6.0.16.Final.jar:/Users/seraph/.m2/repository/javax/validation/validation-api/2.0.1.Final/validation-api-2.0.1.Final.jar:/Users/seraph/.m2/repository/org/jboss/logging/jboss-logging/3.3.2.Final/jboss-logging-3.3.2.Final.jar:/Users/seraph/.m2/repository/org/springframework/spring-web/5.1.6.RELEASE/spring-web-5.1.6.RELEASE.jar:/Users/seraph/.m2/repository/org/springframework/spring-webmvc/5.1.6.RELEASE/spring-webmvc-5.1.6.RELEASE.jar:/Users/seraph/.m2/repository/org/springframework/spring-context/5.1.6.RELEASE/spring-context-5.1.6.RELEASE.jar:/Users/seraph/.m2/repository/org/springframework/spring-expression/5.1.6.RELEASE/spring-expression-5.1.6.RELEASE.jar:/Users/seraph/.m2/repository/org/springframework/boot/spring-boot-starter-data-jpa/2.1.4.RELEASE/spring-boot-starter-data-jpa-2.1.4.RELEASE.jar:/Users/seraph/.m2/repository/org/springframework/boot/spring-boot-starter-aop/2.1.4.RELEASE/spring-boot-starter-aop-2.1.4.RELEASE.jar:/Users/seraph/.m2/repository/org/aspectj/aspectjweaver/1.9.2/aspectjweaver-1.9.2.jar:/Users/seraph/.m2/repository/org/springframework/boot/spring-boot-starter-jdbc/2.1.4.RELEASE/spring-boot-starter-jdbc-2.1.4.RELEASE.jar:/Users/seraph/.m2/repository/com/zaxxer/HikariCP/3.2.0/HikariCP-3.2.0.jar:/Users/seraph/.m2/repository/javax/transaction/javax.transaction-api/1.3/javax.transaction-api-1.3.jar:/Users/seraph/.m2/repository/javax/xml/bind/jaxb-api/2.3.1/jaxb-api-2.3.1.jar:/Users/seraph/.m2/repository/javax/activation/javax.activation-api/1.2.0/javax.activation-api-1.2.0.jar:/Users/seraph/.m2/repository/org/hibernate/hibernate-core/5.3.9.Final/hibernate-core-5.3.9.Final.jar:/Users/seraph/.m2/repository/javax/persistence/javax.persistence-api/2.2/javax.persistence-api-2.2.jar:/Users/seraph/.m2/repository/org/javassist/javassist/3.23.1-GA/javassist-3.23.1-GA.jar:/Users/seraph/.m2/repository/net/bytebuddy/byte-buddy/1.9.12/byte-buddy-1.9.12.jar:/Users/seraph/.m2/repository/antlr/antlr/2.7.7/antlr-2.7.7.jar:/Users/seraph/.m2/repository/org/jboss/jandex/2.0.5.Final/jandex-2.0.5.Final.jar:/Users/seraph/.m2/repository/org/dom4j/dom4j/2.1.1/dom4j-2.1.1.jar:/Users/seraph/.m2/repository/org/hibernate/common/hibernate-commons-annotations/5.0.4.Final/hibernate-commons-annotations-5.0.4.Final.jar:/Users/seraph/.m2/repository/org/springframework/data/spring-data-jpa/2.1.6.RELEASE/spring-data-jpa-2.1.6.RELEASE.jar:/Users/seraph/.m2/repository/org/springframework/data/spring-data-commons/2.1.6.RELEASE/spring-data-commons-2.1.6.RELEASE.jar:/Users/seraph/.m2/repository/org/springframework/spring-orm/5.1.6.RELEASE/spring-orm-5.1.6.RELEASE.jar:/Users/seraph/.m2/repository/org/springframework/spring-aspects/5.1.6.RELEASE/spring-aspects-5.1.6.RELEASE.jar:/Users/seraph/.m2/repository/org/springframework/boot/spring-boot-starter-security/2.1.4.RELEASE/spring-boot-starter-security-2.1.4.RELEASE.jar:/Users/seraph/.m2/repository/org/springframework/spring-aop/5.1.6.RELEASE/spring-aop-5.1.6.RELEASE.jar:/Users/seraph/.m2/repository/org/springframework/security/spring-security-config/5.1.5.RELEASE/spring-security-config-5.1.5.RELEASE.jar:/Users/seraph/.m2/repository/org/springframework/security/spring-security-core/5.1.5.RELEASE/spring-security-core-5.1.5.RELEASE.jar:/Users/seraph/.m2/repository/org/springframework/security/spring-security-web/5.1.5.RELEASE/spring-security-web-5.1.5.RELEASE.jar:/Users/seraph/.m2/repository/org/springframework/boot/spring-boot-devtools/2.1.4.RELEASE/spring-boot-devtools-2.1.4.RELEASE.jar:/Users/seraph/.m2/repository/org/springframework/boot/spring-boot/2.1.4.RELEASE/spring-boot-2.1.4.RELEASE.jar:/Users/seraph/.m2/repository/org/springframework/boot/spring-boot-autoconfigure/2.1.4.RELEASE/spring-boot-autoconfigure-2.1.4.RELEASE.jar:/Users/seraph/.m2/repository/org/springframework/spring-jdbc/5.1.6.RELEASE/spring-jdbc-5.1.6.RELEASE.jar:/Users/seraph/.m2/repository/org/springframework/spring-beans/5.1.6.RELEASE/spring-beans-5.1.6.RELEASE.jar:/Users/seraph/.m2/repository/org/springframework/spring-core/5.1.6.RELEASE/spring-core-5.1.6.RELEASE.jar:/Users/seraph/.m2/repository/org/springframework/spring-jcl/5.1.6.RELEASE/spring-jcl-5.1.6.RELEASE.jar:/Users/seraph/.m2/repository/org/springframework/spring-tx/5.1.6.RELEASE/spring-tx-5.1.6.RELEASE.jar:/Users/seraph/.m2/repository/mysql/mysql-connector-java/8.0.15/mysql-connector-java-8.0.15.jar:/Users/seraph/.m2/repository/org/flywaydb/flyway-core/5.2.4/flyway-core-5.2.4.jar:/Users/seraph/.m2/repository/io/springfox/springfox-swagger2/2.9.2/springfox-swagger2-2.9.2.jar:/Users/seraph/.m2/repository/io/springfox/springfox-spi/2.9.2/springfox-spi-2.9.2.jar:/Users/seraph/.m2/repository/io/springfox/springfox-core/2.9.2/springfox-core-2.9.2.jar:/Users/seraph/.m2/repository/io/springfox/springfox-schema/2.9.2/springfox-schema-2.9.2.jar:/Users/seraph/.m2/repository/io/springfox/springfox-swagger-common/2.9.2/springfox-swagger-common-2.9.2.jar:/Users/seraph/.m2/repository/io/springfox/springfox-spring-web/2.9.2/springfox-spring-web-2.9.2.jar:/Users/seraph/.m2/repository/com/google/guava/guava/20.0/guava-20.0.jar:/Users/seraph/.m2/repository/com/fasterxml/classmate/1.4.0/classmate-1.4.0.jar:/Users/seraph/.m2/repository/org/slf4j/slf4j-api/1.7.26/slf4j-api-1.7.26.jar:/Users/seraph/.m2/repository/org/springframework/plugin/spring-plugin-core/1.2.0.RELEASE/spring-plugin-core-1.2.0.RELEASE.jar:/Users/seraph/.m2/repository/org/springframework/plugin/spring-plugin-metadata/1.2.0.RELEASE/spring-plugin-metadata-1.2.0.RELEASE.jar:/Users/seraph/.m2/repository/org/mapstruct/mapstruct/1.2.0.Final/mapstruct-1.2.0.Final.jar:/Users/seraph/.m2/repository/io/springfox/springfox-swagger-ui/2.9.2/springfox-swagger-ui-2.9.2.jar:/Users/seraph/.m2/repository/io/swagger/swagger-annotations/1.5.21/swagger-annotations-1.5.21.jar:/Users/seraph/.m2/repository/io/swagger/swagger-models/1.5.21/swagger-models-1.5.21.jar:/Users/seraph/.m2/repository/com/fasterxml/jackson/core/jackson-annotations/2.9.0/jackson-annotations-2.9.0.jar:/Users/seraph/.m2/repository/org/apache/commons/commons-lang3/3.8.1/commons-lang3-3.8.1.jar:/Users/seraph/.m2/repository/commons-io/commons-io/2.6/commons-io-2.6.jar:/Users/seraph/.m2/repository/org/apache/commons/commons-compress/1.18/commons-compress-1.18.jar:/Users/seraph/.m2/repository/com/fasterxml/jackson/datatype/jackson-datatype-jdk8/2.9.8/jackson-datatype-jdk8-2.9.8.jar:/Users/seraph/.m2/repository/com/fasterxml/jackson/core/jackson-core/2.9.8/jackson-core-2.9.8.jar:/Users/seraph/.m2/repository/com/fasterxml/jackson/core/jackson-databind/2.9.8/jackson-databind-2.9.8.jar:/Users/seraph/.m2/repository/junit/junit/4.12/junit-4.12.jar:/Users/seraph/.m2/repository/org/hamcrest/hamcrest-core/1.3/hamcrest-core-1.3.jar:/Users/seraph/.m2/repository/org/springframework/boot/spring-boot-starter-test/2.1.4.RELEASE/spring-boot-starter-test-2.1.4.RELEASE.jar:/Users/seraph/.m2/repository/org/springframework/boot/spring-boot-test/2.1.4.RELEASE/spring-boot-test-2.1.4.RELEASE.jar:/Users/seraph/.m2/repository/org/springframework/boot/spring-boot-test-autoconfigure/2.1.4.RELEASE/spring-boot-test-autoconfigure-2.1.4.RELEASE.jar:/Users/seraph/.m2/repository/com/jayway/jsonpath/json-path/2.4.0/json-path-2.4.0.jar:/Users/seraph/.m2/repository/net/minidev/json-smart/2.3/json-smart-2.3.jar:/Users/seraph/.m2/repository/net/minidev/accessors-smart/1.2/accessors-smart-1.2.jar:/Users/seraph/.m2/repository/org/ow2/asm/asm/5.0.4/asm-5.0.4.jar:/Users/seraph/.m2/repository/org/assertj/assertj-core/3.11.1/assertj-core-3.11.1.jar:/Users/seraph/.m2/repository/org/mockito/mockito-core/2.23.4/mockito-core-2.23.4.jar:/Users/seraph/.m2/repository/net/bytebuddy/byte-buddy-agent/1.9.12/byte-buddy-agent-1.9.12.jar:/Users/seraph/.m2/repository/org/objenesis/objenesis/2.6/objenesis-2.6.jar:/Users/seraph/.m2/repository/org/hamcrest/hamcrest-library/1.3/hamcrest-library-1.3.jar:/Users/seraph/.m2/repository/org/skyscreamer/jsonassert/1.5.0/jsonassert-1.5.0.jar:/Users/seraph/.m2/repository/com/vaadin/external/google/android-json/0.0.20131108.vaadin1/android-json-0.0.20131108.vaadin1.jar:/Users/seraph/.m2/repository/org/springframework/spring-test/5.1.6.RELEASE/spring-test-5.1.6.RELEASE.jar:/Users/seraph/.m2/repository/org/xmlunit/xmlunit-core/2.6.2/xmlunit-core-2.6.2.jar:/Users/seraph/.m2/repository/io/rest-assured/rest-assured/3.1.1/rest-assured-3.1.1.jar:/Users/seraph/.m2/repository/org/codehaus/groovy/groovy/2.5.6/groovy-2.5.6.jar:/Users/seraph/.m2/repository/org/codehaus/groovy/groovy-xml/2.5.6/groovy-xml-2.5.6.jar:/Users/seraph/.m2/repository/org/apache/httpcomponents/httpclient/4.5.8/httpclient-4.5.8.jar:/Users/seraph/.m2/repository/org/apache/httpcomponents/httpcore/4.4.11/httpcore-4.4.11.jar:/Users/seraph/.m2/repository/commons-codec/commons-codec/1.11/commons-codec-1.11.jar:/Users/seraph/.m2/repository/org/apache/httpcomponents/httpmime/4.5.8/httpmime-4.5.8.jar:/Users/seraph/.m2/repository/org/ccil/cowan/tagsoup/tagsoup/1.2.1/tagsoup-1.2.1.jar:/Users/seraph/.m2/repository/io/rest-assured/json-path/3.1.1/json-path-3.1.1.jar:/Users/seraph/.m2/repository/org/codehaus/groovy/groovy-json/2.5.6/groovy-json-2.5.6.jar:/Users/seraph/.m2/repository/io/rest-assured/rest-assured-common/3.1.1/rest-assured-common-3.1.1.jar:/Users/seraph/.m2/repository/io/rest-assured/xml-path/3.1.1/xml-path-3.1.1.jar:"/>
    <property name="java.vm.vendor" value="&quot;Oracle Corporation&quot;"/>
    <property name="sun.arch.data.model" value="64"/>
    <property name="java.vendor.url" value="http://java.oracle.com/"/>
    <property name="user.timezone" value=""/>
    <property name="java.vm.specification.version" value="10"/>
    <property name="os.name" value="Mac OS X"/>
    <property name="sun.java.launcher" value="SUN_STANDARD"/>
    <property name="user.country" value="CN"/>
    <property name="sun.boot.library.path" value="/Library/Java/JavaVirtualMachines/jdk-10.jdk/Contents/Home/lib"/>
    <property name="sun.java.command" value="/Users/seraph/code/eclipse-workspace/tuna/target/surefire/surefirebooter15760345457700748458.jar /Users/seraph/code/eclipse-workspace/tuna/target/surefire 2019-06-11T18-20-22_107-jvmRun1 surefire10437387379582956337tmp surefire_01821247762223107170tmp"/>
    <property name="jdk.debug" value="release"/>
    <property name="surefire.test.class.path" value="/Users/seraph/code/eclipse-workspace/tuna/target/test-classes:/Users/seraph/code/eclipse-workspace/tuna/target/classes:/Users/seraph/.m2/repository/org/springframework/boot/spring-boot-starter-web/2.1.4.RELEASE/spring-boot-starter-web-2.1.4.RELEASE.jar:/Users/seraph/.m2/repository/org/springframework/boot/spring-boot-starter/2.1.4.RELEASE/spring-boot-starter-2.1.4.RELEASE.jar:/Users/seraph/.m2/repository/org/springframework/boot/spring-boot-starter-logging/2.1.4.RELEASE/spring-boot-starter-logging-2.1.4.RELEASE.jar:/Users/seraph/.m2/repository/ch/qos/logback/logback-classic/1.2.3/logback-classic-1.2.3.jar:/Users/seraph/.m2/repository/ch/qos/logback/logback-core/1.2.3/logback-core-1.2.3.jar:/Users/seraph/.m2/repository/org/apache/logging/log4j/log4j-to-slf4j/2.11.2/log4j-to-slf4j-2.11.2.jar:/Users/seraph/.m2/repository/org/apache/logging/log4j/log4j-api/2.11.2/log4j-api-2.11.2.jar:/Users/seraph/.m2/repository/org/slf4j/jul-to-slf4j/1.7.26/jul-to-slf4j-1.7.26.jar:/Users/seraph/.m2/repository/javax/annotation/javax.annotation-api/1.3.2/javax.annotation-api-1.3.2.jar:/Users/seraph/.m2/repository/org/yaml/snakeyaml/1.23/snakeyaml-1.23.jar:/Users/seraph/.m2/repository/org/springframework/boot/spring-boot-starter-json/2.1.4.RELEASE/spring-boot-starter-json-2.1.4.RELEASE.jar:/Users/seraph/.m2/repository/com/fasterxml/jackson/datatype/jackson-datatype-jsr310/2.9.8/jackson-datatype-jsr310-2.9.8.jar:/Users/seraph/.m2/repository/com/fasterxml/jackson/module/jackson-module-parameter-names/2.9.8/jackson-module-parameter-names-2.9.8.jar:/Users/seraph/.m2/repository/org/springframework/boot/spring-boot-starter-tomcat/2.1.4.RELEASE/spring-boot-starter-tomcat-2.1.4.RELEASE.jar:/Users/seraph/.m2/repository/org/apache/tomcat/embed/tomcat-embed-core/9.0.17/tomcat-embed-core-9.0.17.jar:/Users/seraph/.m2/repository/org/apache/tomcat/embed/tomcat-embed-el/9.0.17/tomcat-embed-el-9.0.17.jar:/Users/seraph/.m2/repository/org/apache/tomcat/embed/tomcat-embed-websocket/9.0.17/tomcat-embed-websocket-9.0.17.jar:/Users/seraph/.m2/repository/org/hibernate/validator/hibernate-validator/6.0.16.Final/hibernate-validator-6.0.16.Final.jar:/Users/seraph/.m2/repository/javax/validation/validation-api/2.0.1.Final/validation-api-2.0.1.Final.jar:/Users/seraph/.m2/repository/org/jboss/logging/jboss-logging/3.3.2.Final/jboss-logging-3.3.2.Final.jar:/Users/seraph/.m2/repository/org/springframework/spring-web/5.1.6.RELEASE/spring-web-5.1.6.RELEASE.jar:/Users/seraph/.m2/repository/org/springframework/spring-webmvc/5.1.6.RELEASE/spring-webmvc-5.1.6.RELEASE.jar:/Users/seraph/.m2/repository/org/springframework/spring-context/5.1.6.RELEASE/spring-context-5.1.6.RELEASE.jar:/Users/seraph/.m2/repository/org/springframework/spring-expression/5.1.6.RELEASE/spring-expression-5.1.6.RELEASE.jar:/Users/seraph/.m2/repository/org/springframework/boot/spring-boot-starter-data-jpa/2.1.4.RELEASE/spring-boot-starter-data-jpa-2.1.4.RELEASE.jar:/Users/seraph/.m2/repository/org/springframework/boot/spring-boot-starter-aop/2.1.4.RELEASE/spring-boot-starter-aop-2.1.4.RELEASE.jar:/Users/seraph/.m2/repository/org/aspectj/aspectjweaver/1.9.2/aspectjweaver-1.9.2.jar:/Users/seraph/.m2/repository/org/springframework/boot/spring-boot-starter-jdbc/2.1.4.RELEASE/spring-boot-starter-jdbc-2.1.4.RELEASE.jar:/Users/seraph/.m2/repository/com/zaxxer/HikariCP/3.2.0/HikariCP-3.2.0.jar:/Users/seraph/.m2/repository/javax/transaction/javax.transaction-api/1.3/javax.transaction-api-1.3.jar:/Users/seraph/.m2/repository/javax/xml/bind/jaxb-api/2.3.1/jaxb-api-2.3.1.jar:/Users/seraph/.m2/repository/javax/activation/javax.activation-api/1.2.0/javax.activation-api-1.2.0.jar:/Users/seraph/.m2/repository/org/hibernate/hibernate-core/5.3.9.Final/hibernate-core-5.3.9.Final.jar:/Users/seraph/.m2/repository/javax/persistence/javax.persistence-api/2.2/javax.persistence-api-2.2.jar:/Users/seraph/.m2/repository/org/javassist/javassist/3.23.1-GA/javassist-3.23.1-GA.jar:/Users/seraph/.m2/repository/net/bytebuddy/byte-buddy/1.9.12/byte-buddy-1.9.12.jar:/Users/seraph/.m2/repository/antlr/antlr/2.7.7/antlr-2.7.7.jar:/Users/seraph/.m2/repository/org/jboss/jandex/2.0.5.Final/jandex-2.0.5.Final.jar:/Users/seraph/.m2/repository/org/dom4j/dom4j/2.1.1/dom4j-2.1.1.jar:/Users/seraph/.m2/repository/org/hibernate/common/hibernate-commons-annotations/5.0.4.Final/hibernate-commons-annotations-5.0.4.Final.jar:/Users/seraph/.m2/repository/org/springframework/data/spring-data-jpa/2.1.6.RELEASE/spring-data-jpa-2.1.6.RELEASE.jar:/Users/seraph/.m2/repository/org/springframework/data/spring-data-commons/2.1.6.RELEASE/spring-data-commons-2.1.6.RELEASE.jar:/Users/seraph/.m2/repository/org/springframework/spring-orm/5.1.6.RELEASE/spring-orm-5.1.6.RELEASE.jar:/Users/seraph/.m2/repository/org/springframework/spring-aspects/5.1.6.RELEASE/spring-aspects-5.1.6.RELEASE.jar:/Users/seraph/.m2/repository/org/springframework/boot/spring-boot-starter-security/2.1.4.RELEASE/spring-boot-starter-security-2.1.4.RELEASE.jar:/Users/seraph/.m2/repository/org/springframework/spring-aop/5.1.6.RELEASE/spring-aop-5.1.6.RELEASE.jar:/Users/seraph/.m2/repository/org/springframework/security/spring-security-config/5.1.5.RELEASE/spring-security-config-5.1.5.RELEASE.jar:/Users/seraph/.m2/repository/org/springframework/security/spring-security-core/5.1.5.RELEASE/spring-security-core-5.1.5.RELEASE.jar:/Users/seraph/.m2/repository/org/springframework/security/spring-security-web/5.1.5.RELEASE/spring-security-web-5.1.5.RELEASE.jar:/Users/seraph/.m2/repository/org/springframework/boot/spring-boot-devtools/2.1.4.RELEASE/spring-boot-devtools-2.1.4.RELEASE.jar:/Users/seraph/.m2/repository/org/springframework/boot/spring-boot/2.1.4.RELEASE/spring-boot-2.1.4.RELEASE.jar:/Users/seraph/.m2/repository/org/springframework/boot/spring-boot-autoconfigure/2.1.4.RELEASE/spring-boot-autoconfigure-2.1.4.RELEASE.jar:/Users/seraph/.m2/repository/org/springframework/spring-jdbc/5.1.6.RELEASE/spring-jdbc-5.1.6.RELEASE.jar:/Users/seraph/.m2/repository/org/springframework/spring-beans/5.1.6.RELEASE/spring-beans-5.1.6.RELEASE.jar:/Users/seraph/.m2/repository/org/springframework/spring-core/5.1.6.RELEASE/spring-core-5.1.6.RELEASE.jar:/Users/seraph/.m2/repository/org/springframework/spring-jcl/5.1.6.RELEASE/spring-jcl-5.1.6.RELEASE.jar:/Users/seraph/.m2/repository/org/springframework/spring-tx/5.1.6.RELEASE/spring-tx-5.1.6.RELEASE.jar:/Users/seraph/.m2/repository/mysql/mysql-connector-java/8.0.15/mysql-connector-java-8.0.15.jar:/Users/seraph/.m2/repository/org/flywaydb/flyway-core/5.2.4/flyway-core-5.2.4.jar:/Users/seraph/.m2/repository/io/springfox/springfox-swagger2/2.9.2/springfox-swagger2-2.9.2.jar:/Users/seraph/.m2/repository/io/springfox/springfox-spi/2.9.2/springfox-spi-2.9.2.jar:/Users/seraph/.m2/repository/io/springfox/springfox-core/2.9.2/springfox-core-2.9.2.jar:/Users/seraph/.m2/repository/io/springfox/springfox-schema/2.9.2/springfox-schema-2.9.2.jar:/Users/seraph/.m2/repository/io/springfox/springfox-swagger-common/2.9.2/springfox-swagger-common-2.9.2.jar:/Users/seraph/.m2/repository/io/springfox/springfox-spring-web/2.9.2/springfox-spring-web-2.9.2.jar:/Users/seraph/.m2/repository/com/google/guava/guava/20.0/guava-20.0.jar:/Users/seraph/.m2/repository/com/fasterxml/classmate/1.4.0/classmate-1.4.0.jar:/Users/seraph/.m2/repository/org/slf4j/slf4j-api/1.7.26/slf4j-api-1.7.26.jar:/Users/seraph/.m2/repository/org/springframework/plugin/spring-plugin-core/1.2.0.RELEASE/spring-plugin-core-1.2.0.RELEASE.jar:/Users/seraph/.m2/repository/org/springframework/plugin/spring-plugin-metadata/1.2.0.RELEASE/spring-plugin-metadata-1.2.0.RELEASE.jar:/Users/seraph/.m2/repository/org/mapstruct/mapstruct/1.2.0.Final/mapstruct-1.2.0.Final.jar:/Users/seraph/.m2/repository/io/springfox/springfox-swagger-ui/2.9.2/springfox-swagger-ui-2.9.2.jar:/Users/seraph/.m2/repository/io/swagger/swagger-annotations/1.5.21/swagger-annotations-1.5.21.jar:/Users/seraph/.m2/repository/io/swagger/swagger-models/1.5.21/swagger-models-1.5.21.jar:/Users/seraph/.m2/repository/com/fasterxml/jackson/core/jackson-annotations/2.9.0/jackson-annotations-2.9.0.jar:/Users/seraph/.m2/repository/org/apache/commons/commons-lang3/3.8.1/commons-lang3-3.8.1.jar:/Users/seraph/.m2/repository/commons-io/commons-io/2.6/commons-io-2.6.jar:/Users/seraph/.m2/repository/org/apache/commons/commons-compress/1.18/commons-compress-1.18.jar:/Users/seraph/.m2/repository/com/fasterxml/jackson/datatype/jackson-datatype-jdk8/2.9.8/jackson-datatype-jdk8-2.9.8.jar:/Users/seraph/.m2/repository/com/fasterxml/jackson/core/jackson-core/2.9.8/jackson-core-2.9.8.jar:/Users/seraph/.m2/repository/com/fasterxml/jackson/core/jackson-databind/2.9.8/jackson-databind-2.9.8.jar:/Users/seraph/.m2/repository/junit/junit/4.12/junit-4.12.jar:/Users/seraph/.m2/repository/org/hamcrest/hamcrest-core/1.3/hamcrest-core-1.3.jar:/Users/seraph/.m2/repository/org/springframework/boot/spring-boot-starter-test/2.1.4.RELEASE/spring-boot-starter-test-2.1.4.RELEASE.jar:/Users/seraph/.m2/repository/org/springframework/boot/spring-boot-test/2.1.4.RELEASE/spring-boot-test-2.1.4.RELEASE.jar:/Users/seraph/.m2/repository/org/springframework/boot/spring-boot-test-autoconfigure/2.1.4.RELEASE/spring-boot-test-autoconfigure-2.1.4.RELEASE.jar:/Users/seraph/.m2/repository/com/jayway/jsonpath/json-path/2.4.0/json-path-2.4.0.jar:/Users/seraph/.m2/repository/net/minidev/json-smart/2.3/json-smart-2.3.jar:/Users/seraph/.m2/repository/net/minidev/accessors-smart/1.2/accessors-smart-1.2.jar:/Users/seraph/.m2/repository/org/ow2/asm/asm/5.0.4/asm-5.0.4.jar:/Users/seraph/.m2/repository/org/assertj/assertj-core/3.11.1/assertj-core-3.11.1.jar:/Users/seraph/.m2/repository/org/mockito/mockito-core/2.23.4/mockito-core-2.23.4.jar:/Users/seraph/.m2/repository/net/bytebuddy/byte-buddy-agent/1.9.12/byte-buddy-agent-1.9.12.jar:/Users/seraph/.m2/repository/org/objenesis/objenesis/2.6/objenesis-2.6.jar:/Users/seraph/.m2/repository/org/hamcrest/hamcrest-library/1.3/hamcrest-library-1.3.jar:/Users/seraph/.m2/repository/org/skyscreamer/jsonassert/1.5.0/jsonassert-1.5.0.jar:/Users/seraph/.m2/repository/com/vaadin/external/google/android-json/0.0.20131108.vaadin1/android-json-0.0.20131108.vaadin1.jar:/Users/seraph/.m2/repository/org/springframework/spring-test/5.1.6.RELEASE/spring-test-5.1.6.RELEASE.jar:/Users/seraph/.m2/repository/org/xmlunit/xmlunit-core/2.6.2/xmlunit-core-2.6.2.jar:/Users/seraph/.m2/repository/io/rest-assured/rest-assured/3.1.1/rest-assured-3.1.1.jar:/Users/seraph/.m2/repository/org/codehaus/groovy/groovy/2.5.6/groovy-2.5.6.jar:/Users/seraph/.m2/repository/org/codehaus/groovy/groovy-xml/2.5.6/groovy-xml-2.5.6.jar:/Users/seraph/.m2/repository/org/apache/httpcomponents/httpclient/4.5.8/httpclient-4.5.8.jar:/Users/seraph/.m2/repository/org/apache/httpcomponents/httpcore/4.4.11/httpcore-4.4.11.jar:/Users/seraph/.m2/repository/commons-codec/commons-codec/1.11/commons-codec-1.11.jar:/Users/seraph/.m2/repository/org/apache/httpcomponents/httpmime/4.5.8/httpmime-4.5.8.jar:/Users/seraph/.m2/repository/org/ccil/cowan/tagsoup/tagsoup/1.2.1/tagsoup-1.2.1.jar:/Users/seraph/.m2/repository/io/rest-assured/json-path/3.1.1/json-path-3.1.1.jar:/Users/seraph/.m2/repository/org/codehaus/groovy/groovy-json/2.5.6/groovy-json-2.5.6.jar:/Users/seraph/.m2/repository/io/rest-assured/rest-assured-common/3.1.1/rest-assured-common-3.1.1.jar:/Users/seraph/.m2/repository/io/rest-assured/xml-path/3.1.1/xml-path-3.1.1.jar:"/>
    <property name="sun.cpu.endian" value="little"/>
    <property name="user.home" value="/Users/seraph"/>
    <property name="user.language" value="zh"/>
    <property name="java.specification.vendor" value="Oracle Corporation"/>
    <property name="java.version.date" value="2018-03-20"/>
    <property name="java.home" value="/Library/Java/JavaVirtualMachines/jdk-10.jdk/Contents/Home"/>
    <property name="file.separator" value="/"/>
    <property name="basedir" value="/Users/seraph/code/eclipse-workspace/tuna"/>
    <property name="java.vm.compressedOopsMode" value="Zero based"/>
    <property name="line.separator" value="&#10;"/>
    <property name="java.specification.name" value="Java Platform API Specification"/>
    <property name="java.vm.specification.vendor" value="Oracle Corporation"/>
    <property name="java.awt.graphicsenv" value="sun.awt.CGraphicsEnvironment"/>
    <property name="surefire.real.class.path" value="/Users/seraph/code/eclipse-workspace/tuna/target/surefire/surefirebooter15760345457700748458.jar"/>
    <property name="user.script" value="Hans"/>
    <property name="sun.management.compiler" value="HotSpot 64-Bit Tiered Compilers"/>
    <property name="java.runtime.version" value="10+46"/>
    <property name="user.name" value="seraph"/>
    <property name="path.separator" value=":"/>
    <property name="os.version" value="10.14.5"/>
    <property name="java.runtime.name" value="Java(TM) SE Runtime Environment"/>
    <property name="file.encoding" value="UTF-8"/>
    <property name="java.vm.name" value="Java HotSpot(TM) 64-Bit Server VM"/>
    <property name="java.vendor.version" value="18.3"/>
    <property name="localRepository" value="/Users/seraph/.m2/repository"/>
    <property name="java.vendor.url.bug" value="http://bugreport.java.com/bugreport/"/>
    <property name="java.io.tmpdir" value="/var/folders/t3/k1_6x6k91sqdykv40bbmnsjc0000gn/T/"/>
    <property name="java.version" value="10"/>
    <property name="user.dir" value="/Users/seraph/code/eclipse-workspace/tuna"/>
    <property name="os.arch" value="x86_64"/>
    <property name="java.vm.specification.name" value="Java Virtual Machine Specification"/>
    <property name="java.awt.printerjob" value="sun.lwawt.macosx.CPrinterJob"/>
    <property name="sun.os.patch.level" value="unknown"/>
    <property name="java.library.path" value="/Users/seraph/Library/Java/Extensions:/Library/Java/Extensions:/Network/Library/Java/Extensions:/System/Library/Java/Extensions:/usr/lib/java:."/>
    <property name="java.vendor" value="Oracle Corporation"/>
    <property name="java.vm.info" value="mixed mode"/>
    <property name="java.vm.version" value="10+46"/>
    <property name="sun.io.unicode.encoding" value="UnicodeBig"/>
    <property name="java.class.version" value="54.0"/>
  </properties>
  <testcase name="contextLoads" classname="com.hobin.crm.ApplicationTests" time="0.076"/>
</testsuite>